#
# There is insufficient memory for the Java Runtime Environment to continue.
# Native memory allocation (mmap) failed to map 65536 bytes for Failed to commit metaspace.
# Possible reasons:
#   The system is out of physical RAM or swap space
#   The process is running with CompressedOops enabled, and the Java Heap may be blocking the growth of the native heap
# Possible solutions:
#   Reduce memory load on the system
#   Increase physical memory or swap space
#   Check if swap backing store is full
#   Decrease Java heap size (-Xmx/-Xms)
#   Decrease number of Java threads
#   Decrease Java thread stack sizes (-Xss)
#   Set larger code cache with -XX:ReservedCodeCacheSize=
#   JVM is running with Zero Based Compressed Oops mode in which the Java heap is
#     placed in the first 32GB address space. The Java Heap base address is the
#     maximum limit for the native heap growth. Please use -XX:HeapBaseMinAddress
#     to set the Java Heap base and to place the Java Heap above 32GB virtual address.
# This output file may be truncated or incomplete.
#
#  Out of Memory Error (virtualSpaceNode.cpp:108), pid=1924, tid=1756
#
# JRE version: OpenJDK Runtime Environment (16.0+36) (build 16+36-2231)
# Java VM: OpenJDK 64-Bit Server VM (16+36-2231, mixed mode, sharing, tiered, compressed oops, g1 gc, windows-amd64)
# No core dump will be written. Minidumps are not enabled by default on client versions of Windows
#

---------------  S U M M A R Y ------------

Command Line: -XX:TieredStopAtLevel=1 -Xverify:none -Dspring.output.ansi.enabled=always -javaagent:D:\Program Files (x86)\IntelliJ IDEA 2020.3.3\lib\idea_rt.jar=60668:D:\Program Files (x86)\IntelliJ IDEA 2020.3.3\bin -Dcom.sun.management.jmxremote -Dspring.jmx.enabled=true -Dspring.liveBeansView.mbeanDomain -Dspring.application.admin.enabled=true -Dfile.encoding=UTF-8 cn.edu.jxnu.CampusSecondHandTradingSystemApplication

Host: Intel(R) Core(TM) i7-9750H CPU @ 2.60GHz, 12 cores, 15G,  Windows 10 , 64 bit Build 19041 (10.0.19041.2546)
Time: Fri Mar 24 13:42:08 2023  Windows 10 , 64 bit Build 19041 (10.0.19041.2546) elapsed time: 0.090692 seconds (0d 0h 0m 0s)

---------------  T H R E A D  ---------------

Current thread (0x000002172ef6d020):  JavaThread "main" [_thread_in_vm, id=1756, stack(0x000000c3e6d00000,0x000000c3e6e00000)]

Stack: [0x000000c3e6d00000,0x000000c3e6e00000]
Native frames: (J=compiled Java code, j=interpreted, Vv=VM code, C=native code)
V  [jvm.dll+0x6681da]
V  [jvm.dll+0x7c9d99]
V  [jvm.dll+0x7cb4d3]
V  [jvm.dll+0x7cbb33]
V  [jvm.dll+0x242ee5]
V  [jvm.dll+0x7c642b]
V  [jvm.dll+0x60de46]
V  [jvm.dll+0x60deaa]
V  [jvm.dll+0x6104da]
V  [jvm.dll+0x60e741]
V  [jvm.dll+0x61fab2]
V  [jvm.dll+0x619076]
V  [jvm.dll+0x375e9a]
C  0x00000217366dcb5f

Java frames: (J=compiled Java code, j=interpreted, Vv=VM code)
j  java.lang.module.ResolvedModule.hashCode()I+0 java.base@16
J 85 c1 java.util.HashMap.hash(Ljava/lang/Object;)I java.base@16 (20 bytes) @ 0x0000021736e26fd4 [0x0000021736e26fa0+0x0000000000000034]
j  java.util.HashMap.put(Ljava/lang/Object;Ljava/lang/Object;)Ljava/lang/Object;+2 java.base@16
j  java.util.HashSet.add(Ljava/lang/Object;)Z+8 java.base@16
j  java.lang.module.Resolver.makeGraph(Ljava/lang/module/Configuration;)Ljava/util/Map;+378 java.base@16
j  java.lang.module.Resolver.finish(Ljava/lang/module/Configuration;)Ljava/util/Map;+10 java.base@16
j  java.lang.module.Configuration.<init>(Ljava/util/List;Ljava/lang/module/Resolver;)V+6 java.base@16
j  java.lang.module.Configuration.resolveAndBind(Ljava/lang/module/ModuleFinder;Ljava/util/Collection;Ljava/io/PrintStream;)Ljava/lang/module/Configuration;+44 java.base@16
j  java.lang.module.ModuleDescriptor$1.resolveAndBind(Ljava/lang/module/ModuleFinder;Ljava/util/Collection;Ljava/io/PrintStream;)Ljava/lang/module/Configuration;+3 java.base@16
j  jdk.internal.module.Modules.newBootLayerConfiguration(Ljava/lang/module/ModuleFinder;Ljava/util/Collection;Ljava/io/PrintStream;)Ljava/lang/module/Configuration;+6 java.base@16
j  jdk.internal.module.ModuleBootstrap.boot2()Ljava/lang/ModuleLayer;+892 java.base@16
j  jdk.internal.module.ModuleBootstrap.boot()Ljava/lang/ModuleLayer;+64 java.base@16
j  java.lang.System.initPhase2(ZZ)I+0 java.base@16
v  ~StubRoutines::call_stub

---------------  P R O C E S S  ---------------

Threads class SMR info:
_java_thread_list=0x000002175287f790, length=10, elements={
0x000002172ef6d020, 0x0000021751f321c0, 0x0000021751f33080, 0x0000021751f47c00,
0x0000021751f49520, 0x0000021751f49e30, 0x0000021751f4af50, 0x0000021751f545b0,
0x0000021751f54f00, 0x0000021751f16300
}

Java Threads: ( => current thread )
=>0x000002172ef6d020 JavaThread "main" [_thread_in_vm, id=1756, stack(0x000000c3e6d00000,0x000000c3e6e00000)]
  0x0000021751f321c0 JavaThread "Reference Handler" daemon [_thread_blocked, id=16848, stack(0x000000c3e7400000,0x000000c3e7500000)]
  0x0000021751f33080 JavaThread "Finalizer" daemon [_thread_blocked, id=2536, stack(0x000000c3e7500000,0x000000c3e7600000)]
  0x0000021751f47c00 JavaThread "Signal Dispatcher" daemon [_thread_blocked, id=13176, stack(0x000000c3e7600000,0x000000c3e7700000)]
  0x0000021751f49520 JavaThread "Attach Listener" daemon [_thread_blocked, id=24556, stack(0x000000c3e7700000,0x000000c3e7800000)]
  0x0000021751f49e30 JavaThread "Service Thread" daemon [_thread_blocked, id=24124, stack(0x000000c3e7800000,0x000000c3e7900000)]
  0x0000021751f4af50 JavaThread "Monitor Deflation Thread" daemon [_thread_blocked, id=23812, stack(0x000000c3e7900000,0x000000c3e7a00000)]
  0x0000021751f545b0 JavaThread "C1 CompilerThread0" daemon [_thread_blocked, id=10256, stack(0x000000c3e7a00000,0x000000c3e7b00000)]
  0x0000021751f54f00 JavaThread "Sweeper thread" daemon [_thread_blocked, id=4344, stack(0x000000c3e7b00000,0x000000c3e7c00000)]
  0x0000021751f16300 JavaThread "Common-Cleaner" daemon [_thread_blocked, id=18356, stack(0x000000c3e7c00000,0x000000c3e7d00000)]

Other Threads:
  0x0000021751f31590 VMThread "VM Thread" [stack: 0x000000c3e7300000,0x000000c3e7400000] [id=15884]
  0x000002172efbcb90 GCTaskThread "GC Thread#0" [stack: 0x000000c3e6e00000,0x000000c3e6f00000] [id=22508]
  0x000002172efcd990 ConcurrentGCThread "G1 Main Marker" [stack: 0x000000c3e6f00000,0x000000c3e7000000] [id=24316]
  0x000002172efce400 ConcurrentGCThread "G1 Conc#0" [stack: 0x000000c3e7000000,0x000000c3e7100000] [id=1880]
  0x0000021751df40e0 ConcurrentGCThread "G1 Refine#0" [stack: 0x000000c3e7100000,0x000000c3e7200000] [id=20448]
  0x0000021751df4b60 ConcurrentGCThread "G1 Service" [stack: 0x000000c3e7200000,0x000000c3e7300000] [id=1700]

Threads with active compile tasks:

VM state: not at safepoint (normal execution)

VM Mutex/Monitor currently owned by a thread:  ([mutex/lock_event])
[0x000002172ef67950] MetaspaceExpand_lock - owner thread: 0x000002172ef6d020

Heap address: 0x0000000702400000, size: 4060 MB, Compressed Oops mode: Zero based, Oop shift amount: 3
CDS archive(s) mapped at: [0x0000000800000000-0x0000000800bb0000-0x0000000800bb0000), size 12255232, SharedBaseAddress: 0x0000000800000000, ArchiveRelocationMode: 0.
Compressed class space mapped at: 0x0000000800c00000-0x0000000840c00000, reserved size: 1073741824
Narrow klass base: 0x0000000800000000, Narrow klass shift: 3, Narrow klass range: 0x100000000

GC Precious Log:
 CPUs: 12 total, 12 available
 Memory: 16234M
 Large Page Support: Disabled
 NUMA Support: Disabled
 Compressed Oops: Enabled (Zero based)
 Heap Region Size: 2M
 Heap Min Capacity: 8M
 Heap Initial Capacity: 254M
 Heap Max Capacity: 4060M
 Pre-touch: Disabled
 Parallel Workers: 10
 Concurrent Workers: 3
 Concurrent Refinement Workers: 10
 Periodic GC: Disabled

Heap:
 garbage-first heap   total 260096K, used 0K [0x0000000702400000, 0x0000000800000000)
  region size 2048K, 1 young (2048K), 0 survivors (0K)
 Metaspace       used 200K, committed 384K, reserved 1056768K
  class space    used 7K, committed 128K, reserved 1048576K

Heap Regions: E=young(eden), S=young(survivor), O=old, HS=humongous(starts), HC=humongous(continues), CS=collection set, F=free, OA=open archive, CA=closed archive, TAMS=top-at-mark-start (previous, next)
|   0|0x0000000702400000, 0x0000000702400000, 0x0000000702600000|  0%| F|  |TAMS 0x0000000702400000, 0x0000000702400000| Untracked 
|   1|0x0000000702600000, 0x0000000702600000, 0x0000000702800000|  0%| F|  |TAMS 0x0000000702600000, 0x0000000702600000| Untracked 
|   2|0x0000000702800000, 0x0000000702800000, 0x0000000702a00000|  0%| F|  |TAMS 0x0000000702800000, 0x0000000702800000| Untracked 
|   3|0x0000000702a00000, 0x0000000702a00000, 0x0000000702c00000|  0%| F|  |TAMS 0x0000000702a00000, 0x0000000702a00000| Untracked 
|   4|0x0000000702c00000, 0x0000000702c00000, 0x0000000702e00000|  0%| F|  |TAMS 0x0000000702c00000, 0x0000000702c00000| Untracked 
|   5|0x0000000702e00000, 0x0000000702e00000, 0x0000000703000000|  0%| F|  |TAMS 0x0000000702e00000, 0x0000000702e00000| Untracked 
|   6|0x0000000703000000, 0x0000000703000000, 0x0000000703200000|  0%| F|  |TAMS 0x0000000703000000, 0x0000000703000000| Untracked 
|   7|0x0000000703200000, 0x0000000703200000, 0x0000000703400000|  0%| F|  |TAMS 0x0000000703200000, 0x0000000703200000| Untracked 
|   8|0x0000000703400000, 0x0000000703400000, 0x0000000703600000|  0%| F|  |TAMS 0x0000000703400000, 0x0000000703400000| Untracked 
|   9|0x0000000703600000, 0x0000000703600000, 0x0000000703800000|  0%| F|  |TAMS 0x0000000703600000, 0x0000000703600000| Untracked 
|  10|0x0000000703800000, 0x0000000703800000, 0x0000000703a00000|  0%| F|  |TAMS 0x0000000703800000, 0x0000000703800000| Untracked 
|  11|0x0000000703a00000, 0x0000000703a00000, 0x0000000703c00000|  0%| F|  |TAMS 0x0000000703a00000, 0x0000000703a00000| Untracked 
|  12|0x0000000703c00000, 0x0000000703c00000, 0x0000000703e00000|  0%| F|  |TAMS 0x0000000703c00000, 0x0000000703c00000| Untracked 
|  13|0x0000000703e00000, 0x0000000703e00000, 0x0000000704000000|  0%| F|  |TAMS 0x0000000703e00000, 0x0000000703e00000| Untracked 
|  14|0x0000000704000000, 0x0000000704000000, 0x0000000704200000|  0%| F|  |TAMS 0x0000000704000000, 0x0000000704000000| Untracked 
|  15|0x0000000704200000, 0x0000000704200000, 0x0000000704400000|  0%| F|  |TAMS 0x0000000704200000, 0x0000000704200000| Untracked 
|  16|0x0000000704400000, 0x0000000704400000, 0x0000000704600000|  0%| F|  |TAMS 0x0000000704400000, 0x0000000704400000| Untracked 
|  17|0x0000000704600000, 0x0000000704600000, 0x0000000704800000|  0%| F|  |TAMS 0x0000000704600000, 0x0000000704600000| Untracked 
|  18|0x0000000704800000, 0x0000000704800000, 0x0000000704a00000|  0%| F|  |TAMS 0x0000000704800000, 0x0000000704800000| Untracked 
|  19|0x0000000704a00000, 0x0000000704a00000, 0x0000000704c00000|  0%| F|  |TAMS 0x0000000704a00000, 0x0000000704a00000| Untracked 
|  20|0x0000000704c00000, 0x0000000704c00000, 0x0000000704e00000|  0%| F|  |TAMS 0x0000000704c00000, 0x0000000704c00000| Untracked 
|  21|0x0000000704e00000, 0x0000000704e00000, 0x0000000705000000|  0%| F|  |TAMS 0x0000000704e00000, 0x0000000704e00000| Untracked 
|  22|0x0000000705000000, 0x0000000705000000, 0x0000000705200000|  0%| F|  |TAMS 0x0000000705000000, 0x0000000705000000| Untracked 
|  23|0x0000000705200000, 0x0000000705200000, 0x0000000705400000|  0%| F|  |TAMS 0x0000000705200000, 0x0000000705200000| Untracked 
|  24|0x0000000705400000, 0x0000000705400000, 0x0000000705600000|  0%| F|  |TAMS 0x0000000705400000, 0x0000000705400000| Untracked 
|  25|0x0000000705600000, 0x0000000705600000, 0x0000000705800000|  0%| F|  |TAMS 0x0000000705600000, 0x0000000705600000| Untracked 
|  26|0x0000000705800000, 0x0000000705800000, 0x0000000705a00000|  0%| F|  |TAMS 0x0000000705800000, 0x0000000705800000| Untracked 
|  27|0x0000000705a00000, 0x0000000705a00000, 0x0000000705c00000|  0%| F|  |TAMS 0x0000000705a00000, 0x0000000705a00000| Untracked 
|  28|0x0000000705c00000, 0x0000000705c00000, 0x0000000705e00000|  0%| F|  |TAMS 0x0000000705c00000, 0x0000000705c00000| Untracked 
|  29|0x0000000705e00000, 0x0000000705e00000, 0x0000000706000000|  0%| F|  |TAMS 0x0000000705e00000, 0x0000000705e00000| Untracked 
|  30|0x0000000706000000, 0x0000000706000000, 0x0000000706200000|  0%| F|  |TAMS 0x0000000706000000, 0x0000000706000000| Untracked 
|  31|0x0000000706200000, 0x0000000706200000, 0x0000000706400000|  0%| F|  |TAMS 0x0000000706200000, 0x0000000706200000| Untracked 
|  32|0x0000000706400000, 0x0000000706400000, 0x0000000706600000|  0%| F|  |TAMS 0x0000000706400000, 0x0000000706400000| Untracked 
|  33|0x0000000706600000, 0x0000000706600000, 0x0000000706800000|  0%| F|  |TAMS 0x0000000706600000, 0x0000000706600000| Untracked 
|  34|0x0000000706800000, 0x0000000706800000, 0x0000000706a00000|  0%| F|  |TAMS 0x0000000706800000, 0x0000000706800000| Untracked 
|  35|0x0000000706a00000, 0x0000000706a00000, 0x0000000706c00000|  0%| F|  |TAMS 0x0000000706a00000, 0x0000000706a00000| Untracked 
|  36|0x0000000706c00000, 0x0000000706c00000, 0x0000000706e00000|  0%| F|  |TAMS 0x0000000706c00000, 0x0000000706c00000| Untracked 
|  37|0x0000000706e00000, 0x0000000706e00000, 0x0000000707000000|  0%| F|  |TAMS 0x0000000706e00000, 0x0000000706e00000| Untracked 
|  38|0x0000000707000000, 0x0000000707000000, 0x0000000707200000|  0%| F|  |TAMS 0x0000000707000000, 0x0000000707000000| Untracked 
|  39|0x0000000707200000, 0x0000000707200000, 0x0000000707400000|  0%| F|  |TAMS 0x0000000707200000, 0x0000000707200000| Untracked 
|  40|0x0000000707400000, 0x0000000707400000, 0x0000000707600000|  0%| F|  |TAMS 0x0000000707400000, 0x0000000707400000| Untracked 
|  41|0x0000000707600000, 0x0000000707600000, 0x0000000707800000|  0%| F|  |TAMS 0x0000000707600000, 0x0000000707600000| Untracked 
|  42|0x0000000707800000, 0x0000000707800000, 0x0000000707a00000|  0%| F|  |TAMS 0x0000000707800000, 0x0000000707800000| Untracked 
|  43|0x0000000707a00000, 0x0000000707a00000, 0x0000000707c00000|  0%| F|  |TAMS 0x0000000707a00000, 0x0000000707a00000| Untracked 
|  44|0x0000000707c00000, 0x0000000707c00000, 0x0000000707e00000|  0%| F|  |TAMS 0x0000000707c00000, 0x0000000707c00000| Untracked 
|  45|0x0000000707e00000, 0x0000000707e00000, 0x0000000708000000|  0%| F|  |TAMS 0x0000000707e00000, 0x0000000707e00000| Untracked 
|  46|0x0000000708000000, 0x0000000708000000, 0x0000000708200000|  0%| F|  |TAMS 0x0000000708000000, 0x0000000708000000| Untracked 
|  47|0x0000000708200000, 0x0000000708200000, 0x0000000708400000|  0%| F|  |TAMS 0x0000000708200000, 0x0000000708200000| Untracked 
|  48|0x0000000708400000, 0x0000000708400000, 0x0000000708600000|  0%| F|  |TAMS 0x0000000708400000, 0x0000000708400000| Untracked 
|  49|0x0000000708600000, 0x0000000708600000, 0x0000000708800000|  0%| F|  |TAMS 0x0000000708600000, 0x0000000708600000| Untracked 
|  50|0x0000000708800000, 0x0000000708800000, 0x0000000708a00000|  0%| F|  |TAMS 0x0000000708800000, 0x0000000708800000| Untracked 
|  51|0x0000000708a00000, 0x0000000708a00000, 0x0000000708c00000|  0%| F|  |TAMS 0x0000000708a00000, 0x0000000708a00000| Untracked 
|  52|0x0000000708c00000, 0x0000000708c00000, 0x0000000708e00000|  0%| F|  |TAMS 0x0000000708c00000, 0x0000000708c00000| Untracked 
|  53|0x0000000708e00000, 0x0000000708e00000, 0x0000000709000000|  0%| F|  |TAMS 0x0000000708e00000, 0x0000000708e00000| Untracked 
|  54|0x0000000709000000, 0x0000000709000000, 0x0000000709200000|  0%| F|  |TAMS 0x0000000709000000, 0x0000000709000000| Untracked 
|  55|0x0000000709200000, 0x0000000709200000, 0x0000000709400000|  0%| F|  |TAMS 0x0000000709200000, 0x0000000709200000| Untracked 
|  56|0x0000000709400000, 0x0000000709400000, 0x0000000709600000|  0%| F|  |TAMS 0x0000000709400000, 0x0000000709400000| Untracked 
|  57|0x0000000709600000, 0x0000000709600000, 0x0000000709800000|  0%| F|  |TAMS 0x0000000709600000, 0x0000000709600000| Untracked 
|  58|0x0000000709800000, 0x0000000709800000, 0x0000000709a00000|  0%| F|  |TAMS 0x0000000709800000, 0x0000000709800000| Untracked 
|  59|0x0000000709a00000, 0x0000000709a00000, 0x0000000709c00000|  0%| F|  |TAMS 0x0000000709a00000, 0x0000000709a00000| Untracked 
|  60|0x0000000709c00000, 0x0000000709c00000, 0x0000000709e00000|  0%| F|  |TAMS 0x0000000709c00000, 0x0000000709c00000| Untracked 
|  61|0x0000000709e00000, 0x0000000709e00000, 0x000000070a000000|  0%| F|  |TAMS 0x0000000709e00000, 0x0000000709e00000| Untracked 
|  62|0x000000070a000000, 0x000000070a000000, 0x000000070a200000|  0%| F|  |TAMS 0x000000070a000000, 0x000000070a000000| Untracked 
|  63|0x000000070a200000, 0x000000070a200000, 0x000000070a400000|  0%| F|  |TAMS 0x000000070a200000, 0x000000070a200000| Untracked 
|  64|0x000000070a400000, 0x000000070a400000, 0x000000070a600000|  0%| F|  |TAMS 0x000000070a400000, 0x000000070a400000| Untracked 
|  65|0x000000070a600000, 0x000000070a600000, 0x000000070a800000|  0%| F|  |TAMS 0x000000070a600000, 0x000000070a600000| Untracked 
|  66|0x000000070a800000, 0x000000070a800000, 0x000000070aa00000|  0%| F|  |TAMS 0x000000070a800000, 0x000000070a800000| Untracked 
|  67|0x000000070aa00000, 0x000000070aa00000, 0x000000070ac00000|  0%| F|  |TAMS 0x000000070aa00000, 0x000000070aa00000| Untracked 
|  68|0x000000070ac00000, 0x000000070ac00000, 0x000000070ae00000|  0%| F|  |TAMS 0x000000070ac00000, 0x000000070ac00000| Untracked 
|  69|0x000000070ae00000, 0x000000070ae00000, 0x000000070b000000|  0%| F|  |TAMS 0x000000070ae00000, 0x000000070ae00000| Untracked 
|  70|0x000000070b000000, 0x000000070b000000, 0x000000070b200000|  0%| F|  |TAMS 0x000000070b000000, 0x000000070b000000| Untracked 
|  71|0x000000070b200000, 0x000000070b200000, 0x000000070b400000|  0%| F|  |TAMS 0x000000070b200000, 0x000000070b200000| Untracked 
|  72|0x000000070b400000, 0x000000070b400000, 0x000000070b600000|  0%| F|  |TAMS 0x000000070b400000, 0x000000070b400000| Untracked 
|  73|0x000000070b600000, 0x000000070b600000, 0x000000070b800000|  0%| F|  |TAMS 0x000000070b600000, 0x000000070b600000| Untracked 
|  74|0x000000070b800000, 0x000000070b800000, 0x000000070ba00000|  0%| F|  |TAMS 0x000000070b800000, 0x000000070b800000| Untracked 
|  75|0x000000070ba00000, 0x000000070ba00000, 0x000000070bc00000|  0%| F|  |TAMS 0x000000070ba00000, 0x000000070ba00000| Untracked 
|  76|0x000000070bc00000, 0x000000070bc00000, 0x000000070be00000|  0%| F|  |TAMS 0x000000070bc00000, 0x000000070bc00000| Untracked 
|  77|0x000000070be00000, 0x000000070be00000, 0x000000070c000000|  0%| F|  |TAMS 0x000000070be00000, 0x000000070be00000| Untracked 
|  78|0x000000070c000000, 0x000000070c000000, 0x000000070c200000|  0%| F|  |TAMS 0x000000070c000000, 0x000000070c000000| Untracked 
|  79|0x000000070c200000, 0x000000070c200000, 0x000000070c400000|  0%| F|  |TAMS 0x000000070c200000, 0x000000070c200000| Untracked 
|  80|0x000000070c400000, 0x000000070c400000, 0x000000070c600000|  0%| F|  |TAMS 0x000000070c400000, 0x000000070c400000| Untracked 
|  81|0x000000070c600000, 0x000000070c600000, 0x000000070c800000|  0%| F|  |TAMS 0x000000070c600000, 0x000000070c600000| Untracked 
|  82|0x000000070c800000, 0x000000070c800000, 0x000000070ca00000|  0%| F|  |TAMS 0x000000070c800000, 0x000000070c800000| Untracked 
|  83|0x000000070ca00000, 0x000000070ca00000, 0x000000070cc00000|  0%| F|  |TAMS 0x000000070ca00000, 0x000000070ca00000| Untracked 
|  84|0x000000070cc00000, 0x000000070cc00000, 0x000000070ce00000|  0%| F|  |TAMS 0x000000070cc00000, 0x000000070cc00000| Untracked 
|  85|0x000000070ce00000, 0x000000070ce00000, 0x000000070d000000|  0%| F|  |TAMS 0x000000070ce00000, 0x000000070ce00000| Untracked 
|  86|0x000000070d000000, 0x000000070d000000, 0x000000070d200000|  0%| F|  |TAMS 0x000000070d000000, 0x000000070d000000| Untracked 
|  87|0x000000070d200000, 0x000000070d200000, 0x000000070d400000|  0%| F|  |TAMS 0x000000070d200000, 0x000000070d200000| Untracked 
|  88|0x000000070d400000, 0x000000070d400000, 0x000000070d600000|  0%| F|  |TAMS 0x000000070d400000, 0x000000070d400000| Untracked 
|  89|0x000000070d600000, 0x000000070d600000, 0x000000070d800000|  0%| F|  |TAMS 0x000000070d600000, 0x000000070d600000| Untracked 
|  90|0x000000070d800000, 0x000000070d800000, 0x000000070da00000|  0%| F|  |TAMS 0x000000070d800000, 0x000000070d800000| Untracked 
|  91|0x000000070da00000, 0x000000070da00000, 0x000000070dc00000|  0%| F|  |TAMS 0x000000070da00000, 0x000000070da00000| Untracked 
|  92|0x000000070dc00000, 0x000000070dc00000, 0x000000070de00000|  0%| F|  |TAMS 0x000000070dc00000, 0x000000070dc00000| Untracked 
|  93|0x000000070de00000, 0x000000070de00000, 0x000000070e000000|  0%| F|  |TAMS 0x000000070de00000, 0x000000070de00000| Untracked 
|  94|0x000000070e000000, 0x000000070e000000, 0x000000070e200000|  0%| F|  |TAMS 0x000000070e000000, 0x000000070e000000| Untracked 
|  95|0x000000070e200000, 0x000000070e200000, 0x000000070e400000|  0%| F|  |TAMS 0x000000070e200000, 0x000000070e200000| Untracked 
|  96|0x000000070e400000, 0x000000070e400000, 0x000000070e600000|  0%| F|  |TAMS 0x000000070e400000, 0x000000070e400000| Untracked 
|  97|0x000000070e600000, 0x000000070e600000, 0x000000070e800000|  0%| F|  |TAMS 0x000000070e600000, 0x000000070e600000| Untracked 
|  98|0x000000070e800000, 0x000000070e800000, 0x000000070ea00000|  0%| F|  |TAMS 0x000000070e800000, 0x000000070e800000| Untracked 
|  99|0x000000070ea00000, 0x000000070ea00000, 0x000000070ec00000|  0%| F|  |TAMS 0x000000070ea00000, 0x000000070ea00000| Untracked 
| 100|0x000000070ec00000, 0x000000070ec00000, 0x000000070ee00000|  0%| F|  |TAMS 0x000000070ec00000, 0x000000070ec00000| Untracked 
| 101|0x000000070ee00000, 0x000000070ee00000, 0x000000070f000000|  0%| F|  |TAMS 0x000000070ee00000, 0x000000070ee00000| Untracked 
| 102|0x000000070f000000, 0x000000070f000000, 0x000000070f200000|  0%| F|  |TAMS 0x000000070f000000, 0x000000070f000000| Untracked 
| 103|0x000000070f200000, 0x000000070f200000, 0x000000070f400000|  0%| F|  |TAMS 0x000000070f200000, 0x000000070f200000| Untracked 
| 104|0x000000070f400000, 0x000000070f400000, 0x000000070f600000|  0%| F|  |TAMS 0x000000070f400000, 0x000000070f400000| Untracked 
| 105|0x000000070f600000, 0x000000070f600000, 0x000000070f800000|  0%| F|  |TAMS 0x000000070f600000, 0x000000070f600000| Untracked 
| 106|0x000000070f800000, 0x000000070f800000, 0x000000070fa00000|  0%| F|  |TAMS 0x000000070f800000, 0x000000070f800000| Untracked 
| 107|0x000000070fa00000, 0x000000070fa00000, 0x000000070fc00000|  0%| F|  |TAMS 0x000000070fa00000, 0x000000070fa00000| Untracked 
| 108|0x000000070fc00000, 0x000000070fc00000, 0x000000070fe00000|  0%| F|  |TAMS 0x000000070fc00000, 0x000000070fc00000| Untracked 
| 109|0x000000070fe00000, 0x000000070fe00000, 0x0000000710000000|  0%| F|  |TAMS 0x000000070fe00000, 0x000000070fe00000| Untracked 
| 110|0x0000000710000000, 0x0000000710000000, 0x0000000710200000|  0%| F|  |TAMS 0x0000000710000000, 0x0000000710000000| Untracked 
| 111|0x0000000710200000, 0x0000000710200000, 0x0000000710400000|  0%| F|  |TAMS 0x0000000710200000, 0x0000000710200000| Untracked 
| 112|0x0000000710400000, 0x0000000710400000, 0x0000000710600000|  0%| F|  |TAMS 0x0000000710400000, 0x0000000710400000| Untracked 
| 113|0x0000000710600000, 0x0000000710600000, 0x0000000710800000|  0%| F|  |TAMS 0x0000000710600000, 0x0000000710600000| Untracked 
| 114|0x0000000710800000, 0x0000000710800000, 0x0000000710a00000|  0%| F|  |TAMS 0x0000000710800000, 0x0000000710800000| Untracked 
| 115|0x0000000710a00000, 0x0000000710a00000, 0x0000000710c00000|  0%| F|  |TAMS 0x0000000710a00000, 0x0000000710a00000| Untracked 
| 116|0x0000000710c00000, 0x0000000710c00000, 0x0000000710e00000|  0%| F|  |TAMS 0x0000000710c00000, 0x0000000710c00000| Untracked 
| 117|0x0000000710e00000, 0x0000000710e00000, 0x0000000711000000|  0%| F|  |TAMS 0x0000000710e00000, 0x0000000710e00000| Untracked 
| 118|0x0000000711000000, 0x0000000711000000, 0x0000000711200000|  0%| F|  |TAMS 0x0000000711000000, 0x0000000711000000| Untracked 
| 119|0x0000000711200000, 0x0000000711200000, 0x0000000711400000|  0%| F|  |TAMS 0x0000000711200000, 0x0000000711200000| Untracked 
| 120|0x0000000711400000, 0x0000000711400000, 0x0000000711600000|  0%| F|  |TAMS 0x0000000711400000, 0x0000000711400000| Untracked 
| 121|0x0000000711600000, 0x0000000711600000, 0x0000000711800000|  0%| F|  |TAMS 0x0000000711600000, 0x0000000711600000| Untracked 
| 122|0x0000000711800000, 0x0000000711800000, 0x0000000711a00000|  0%| F|  |TAMS 0x0000000711800000, 0x0000000711800000| Untracked 
| 123|0x0000000711a00000, 0x0000000711a00000, 0x0000000711c00000|  0%| F|  |TAMS 0x0000000711a00000, 0x0000000711a00000| Untracked 
| 124|0x0000000711c00000, 0x0000000711c00000, 0x0000000711e00000|  0%| F|  |TAMS 0x0000000711c00000, 0x0000000711c00000| Untracked 
| 125|0x0000000711e00000, 0x0000000711e00000, 0x0000000712000000|  0%| F|  |TAMS 0x0000000711e00000, 0x0000000711e00000| Untracked 
| 126|0x0000000712000000, 0x0000000712200000, 0x0000000712200000|100%| E|  |TAMS 0x0000000712000000, 0x0000000712000000| Complete 

Card table byte_map: [0x0000021746410000,0x0000021746c00000] _byte_map_base: 0x0000021742bfe000

Marking Bits (Prev, Next): (CMBitMap*) 0x000002172efbd200, (CMBitMap*) 0x000002172efbd240
 Prev Bits: [0x00000217473f0000, 0x000002174b360000)
 Next Bits: [0x000002174b360000, 0x000002174f2d0000)

Polling page: 0x000002172cda0000

Metaspace:

Usage:
  Non-class:    193.14 KB used.
      Class:      7.34 KB used.
       Both:    200.48 KB used.

Virtual space:
  Non-class space:        8.00 MB reserved,     256.00 KB (  3%) committed,  1 nodes.
      Class space:        1.00 GB reserved,     128.00 KB ( <1%) committed,  1 nodes.
              Both:        1.01 GB reserved,     384.00 KB ( <1%) committed. 

Chunk freelists:
   Non-Class:  4.00 MB
       Class:  3.75 MB
        Both:  7.75 MB

MaxMetaspaceSize: 17179869184.00 GB
CompressedClassSpaceSize: 1.00 GB
 - commit_granule_bytes: 65536.
 - commit_granule_words: 8192.
 - virtual_space_node_default_size: 1048576.
 - enlarge_chunks_in_place: 1.
 - new_chunks_are_fully_committed: 0.
 - uncommit_free_chunks: 1.
 - use_allocation_guard: 0.
 - handle_deallocations: 1.


Internal statistics:

num_allocs_failed_limit: 0.
num_arena_births: 4.
num_arena_deaths: 0.
num_vsnodes_births: 2.
num_vsnodes_deaths: 0.
num_space_committed: 6.
num_space_uncommitted: 0.
num_chunks_returned_to_freelist: 0.
num_chunks_taken_from_freelist: 5.
num_chunk_merges: 0.
num_chunk_splits: 2.
num_chunks_enlarged: 1.
num_purges: 0.

CodeHeap 'non-profiled nmethods': size=238336Kb used=118Kb max_used=118Kb free=238217Kb
 bounds [0x0000021736e10000, 0x0000021737080000, 0x00000217456d0000]
CodeHeap 'non-nmethods': size=7424Kb used=1076Kb max_used=1076Kb free=6347Kb
 bounds [0x00000217366d0000, 0x0000021736940000, 0x0000021736e10000]
 total_blobs=443 nmethods=105 adapters=266
 compilation: enabled
              stopped_count=0, restarted_count=0
 full_count=0

Compilation events (20 events):
Event: 0.087 Thread 0x0000021751f545b0 nmethod 83 0x0000021736e25e90 code [0x0000021736e26020, 0x0000021736e26198]
Event: 0.087 Thread 0x0000021751f545b0   84       1       java.lang.invoke.MethodType$ConcurrentWeakInternSet::get (47 bytes)
Event: 0.087 Thread 0x0000021751f545b0 nmethod 84 0x0000021736e26210 code [0x0000021736e26400, 0x0000021736e26898]
Event: 0.087 Thread 0x0000021751f545b0   86       1       java.util.ImmutableCollections$SetN$SetNIterator::hasNext (13 bytes)
Event: 0.087 Thread 0x0000021751f545b0 nmethod 86 0x0000021736e26b10 code [0x0000021736e26ca0, 0x0000021736e26d78]
Event: 0.087 Thread 0x0000021751f545b0   85       1       java.util.HashMap::hash (20 bytes)
Event: 0.087 Thread 0x0000021751f545b0 nmethod 85 0x0000021736e26e10 code [0x0000021736e26fa0, 0x0000021736e27088]
Event: 0.087 Thread 0x0000021751f545b0   87       1       java.util.stream.FindOps$FindSink::cancellationRequested (5 bytes)
Event: 0.087 Thread 0x0000021751f545b0 nmethod 87 0x0000021736e27110 code [0x0000021736e272a0, 0x0000021736e27378]
Event: 0.087 Thread 0x0000021751f545b0   88       1       java.util.Spliterators$IteratorSpliterator::characteristics (5 bytes)
Event: 0.087 Thread 0x0000021751f545b0 nmethod 88 0x0000021736e27410 code [0x0000021736e275a0, 0x0000021736e27678]
Event: 0.088 Thread 0x0000021751f545b0   89       1       java.util.HashMap::putVal (300 bytes)
Event: 0.088 Thread 0x0000021751f545b0 nmethod 89 0x0000021736e27710 code [0x0000021736e27940, 0x0000021736e282b8]
Event: 0.088 Thread 0x0000021751f545b0   94       1       java.util.ImmutableCollections$MapN::probe (60 bytes)
Event: 0.088 Thread 0x0000021751f545b0 nmethod 94 0x0000021736e28710 code [0x0000021736e288e0, 0x0000021736e28b38]
Event: 0.088 Thread 0x0000021751f545b0  100       1       java.util.HashMap::putVal (300 bytes)
Event: 0.089 Thread 0x0000021751f545b0 nmethod 100 0x0000021736e28d10 code [0x0000021736e28f60, 0x0000021736e296d8]
Event: 0.089 Thread 0x0000021751f545b0   97       1       java.util.HashMap::getNode (150 bytes)
Event: 0.089 Thread 0x0000021751f545b0 nmethod 97 0x0000021736e29b10 code [0x0000021736e29d00, 0x0000021736e2a118]
Event: 0.089 Thread 0x0000021751f545b0  103       1       java.util.HashMap$HashIterator::nextNode (100 bytes)

GC Heap History (0 events):
No events

Deoptimization events (0 events):
No events

Classes unloaded (0 events):
No events

Classes redefined (0 events):
No events

Internal exceptions (0 events):
No events

Events (20 events):
Event: 0.023 Thread 0x0000021751f33080 Thread added: 0x0000021751f33080
Event: 0.030 loading class sun/nio/cs/GBK
Event: 0.031 loading class sun/nio/cs/GBK done
Event: 0.031 loading class sun/nio/cs/DoubleByte
Event: 0.031 loading class sun/nio/cs/DoubleByte done
Event: 0.033 loading class sun/nio/cs/DoubleByte$Decoder
Event: 0.033 loading class sun/nio/cs/DelegatableDecoder
Event: 0.033 loading class sun/nio/cs/DelegatableDecoder done
Event: 0.033 loading class sun/nio/cs/DoubleByte$Decoder done
Event: 0.034 loading class sun/nio/cs/UTF_8$Encoder
Event: 0.034 loading class sun/nio/cs/UTF_8$Encoder done
Event: 0.035 Thread 0x0000021751f47c00 Thread added: 0x0000021751f47c00
Event: 0.035 Thread 0x0000021751f49520 Thread added: 0x0000021751f49520
Event: 0.035 Thread 0x0000021751f49e30 Thread added: 0x0000021751f49e30
Event: 0.035 Thread 0x0000021751f4af50 Thread added: 0x0000021751f4af50
Event: 0.035 Thread 0x0000021751f545b0 Thread added: 0x0000021751f545b0
Event: 0.035 Thread 0x0000021751f54f00 Thread added: 0x0000021751f54f00
Event: 0.084 Thread 0x0000021751f16300 Thread added: 0x0000021751f16300
Event: 0.088 Executing  VM operation: HandshakeAllThreads
Event: 0.088 Executing  VM operation: HandshakeAllThreads done


Dynamic libraries:
0x00007ff73f7a0000 - 0x00007ff73f7ae000 	C:\Users\Administrator\.jdks\openjdk-16\bin\java.exe
0x00007ff8b2dd0000 - 0x00007ff8b2fc8000 	C:\WINDOWS\SYSTEM32\ntdll.dll
0x00007ff8b1870000 - 0x00007ff8b192f000 	C:\WINDOWS\System32\KERNEL32.DLL
0x00007ff8b0890000 - 0x00007ff8b0b62000 	C:\WINDOWS\System32\KERNELBASE.dll
0x00007ff8b0760000 - 0x00007ff8b0860000 	C:\WINDOWS\System32\ucrtbase.dll
0x00007ff8ab960000 - 0x00007ff8ab978000 	C:\Users\Administrator\.jdks\openjdk-16\bin\jli.dll
0x00007ff8ab940000 - 0x00007ff8ab959000 	C:\Users\Administrator\.jdks\openjdk-16\bin\VCRUNTIME140.dll
0x00007ff8b20b0000 - 0x00007ff8b2251000 	C:\WINDOWS\System32\USER32.dll
0x00007ff8b0df0000 - 0x00007ff8b0e12000 	C:\WINDOWS\System32\win32u.dll
0x00007ff8b27a0000 - 0x00007ff8b27cb000 	C:\WINDOWS\System32\GDI32.dll
0x00007ff8b0ce0000 - 0x00007ff8b0def000 	C:\WINDOWS\System32\gdi32full.dll
0x00007ff89e7a0000 - 0x00007ff89ea3a000 	C:\WINDOWS\WinSxS\amd64_microsoft.windows.common-controls_6595b64144ccf1df_6.0.19041.1110_none_60b5254171f9507e\COMCTL32.dll
0x00007ff8b06c0000 - 0x00007ff8b075d000 	C:\WINDOWS\System32\msvcp_win.dll
0x00007ff8b27d0000 - 0x00007ff8b286e000 	C:\WINDOWS\System32\msvcrt.dll
0x00007ff8b2980000 - 0x00007ff8b29b0000 	C:\WINDOWS\System32\IMM32.DLL
0x00007ff8aaeb0000 - 0x00007ff8aaebc000 	C:\Users\Administrator\.jdks\openjdk-16\bin\vcruntime140_1.dll
0x00007ff880400000 - 0x00007ff880491000 	C:\Users\Administrator\.jdks\openjdk-16\bin\msvcp140.dll
0x00007ff843a20000 - 0x00007ff8445cb000 	C:\Users\Administrator\.jdks\openjdk-16\bin\server\jvm.dll
0x00007ff8b2870000 - 0x00007ff8b291e000 	C:\WINDOWS\System32\ADVAPI32.dll
0x00007ff8b1930000 - 0x00007ff8b19cc000 	C:\WINDOWS\System32\sechost.dll
0x00007ff8b1740000 - 0x00007ff8b1864000 	C:\WINDOWS\System32\RPCRT4.dll
0x00007ff8b0e20000 - 0x00007ff8b0e28000 	C:\WINDOWS\System32\PSAPI.DLL
0x00007ff8a0ed0000 - 0x00007ff8a0ef7000 	C:\WINDOWS\SYSTEM32\WINMM.dll
0x00007ff8aa480000 - 0x00007ff8aa48a000 	C:\WINDOWS\SYSTEM32\VERSION.dll
0x00007ff8a3130000 - 0x00007ff8a3139000 	C:\WINDOWS\SYSTEM32\WSOCK32.dll
0x00007ff8b2b30000 - 0x00007ff8b2b9b000 	C:\WINDOWS\System32\WS2_32.dll
0x00007ff8aed20000 - 0x00007ff8aed32000 	C:\WINDOWS\SYSTEM32\kernel.appcore.dll
0x00007ff8aacf0000 - 0x00007ff8aacfa000 	C:\Users\Administrator\.jdks\openjdk-16\bin\jimage.dll
0x00007ff8aea50000 - 0x00007ff8aec34000 	C:\WINDOWS\SYSTEM32\DBGHELP.DLL
0x00007ff89eb90000 - 0x00007ff89ebc5000 	C:\WINDOWS\SYSTEM32\dbgcore.DLL
0x00007ff8b04d0000 - 0x00007ff8b0552000 	C:\WINDOWS\System32\bcryptPrimitives.dll
0x00007ff8a5650000 - 0x00007ff8a565e000 	C:\Users\Administrator\.jdks\openjdk-16\bin\instrument.dll
0x00007ff8a8fc0000 - 0x00007ff8a8fe5000 	C:\Users\Administrator\.jdks\openjdk-16\bin\java.dll
0x00007ff8b0e40000 - 0x00007ff8b1585000 	C:\WINDOWS\System32\SHELL32.dll
0x00007ff8ae1e0000 - 0x00007ff8ae972000 	C:\WINDOWS\SYSTEM32\windows.storage.dll
0x00007ff8b2260000 - 0x00007ff8b25b5000 	C:\WINDOWS\System32\combase.dll
0x00007ff8afe50000 - 0x00007ff8afe80000 	C:\WINDOWS\SYSTEM32\Wldp.dll
0x00007ff8b1ff0000 - 0x00007ff8b209d000 	C:\WINDOWS\System32\SHCORE.dll
0x00007ff8b1f90000 - 0x00007ff8b1fe5000 	C:\WINDOWS\System32\shlwapi.dll
0x00007ff8b0410000 - 0x00007ff8b042f000 	C:\WINDOWS\SYSTEM32\profapi.dll

dbghelp: loaded successfully - version: 4.0.5 - missing functions: none
symbol engine: initialized successfully - sym options: 0x614 - pdb path: .;C:\Users\Administrator\.jdks\openjdk-16\bin;C:\WINDOWS\SYSTEM32;C:\WINDOWS\WinSxS\amd64_microsoft.windows.common-controls_6595b64144ccf1df_6.0.19041.1110_none_60b5254171f9507e;C:\Users\Administrator\.jdks\openjdk-16\bin\server

VM Arguments:
jvm_args: -XX:TieredStopAtLevel=1 -Xverify:none -Dspring.output.ansi.enabled=always -javaagent:D:\Program Files (x86)\IntelliJ IDEA 2020.3.3\lib\idea_rt.jar=60668:D:\Program Files (x86)\IntelliJ IDEA 2020.3.3\bin -Dcom.sun.management.jmxremote -Dspring.jmx.enabled=true -Dspring.liveBeansView.mbeanDomain -Dspring.application.admin.enabled=true -Dfile.encoding=UTF-8 
java_command: cn.edu.jxnu.CampusSecondHandTradingSystemApplication
java_class_path (initial): C:\Users\Administrator\Desktop\idea file\Campus second-hand trading\campus_second-hand_trading_system\target\classes;D:\Program Files (x86)\Maven\apache-maven-3.8.3\maven_repository\org\springframework\boot\spring-boot-starter-web\2.6.11\spring-boot-starter-web-2.6.11.jar;D:\Program Files (x86)\Maven\apache-maven-3.8.3\maven_repository\org\springframework\boot\spring-boot-starter\2.6.11\spring-boot-starter-2.6.11.jar;D:\Program Files (x86)\Maven\apache-maven-3.8.3\maven_repository\org\springframework\boot\spring-boot\2.6.11\spring-boot-2.6.11.jar;D:\Program Files (x86)\Maven\apache-maven-3.8.3\maven_repository\org\springframework\boot\spring-boot-autoconfigure\2.6.11\spring-boot-autoconfigure-2.6.11.jar;D:\Program Files (x86)\Maven\apache-maven-3.8.3\maven_repository\org\springframework\boot\spring-boot-starter-logging\2.6.11\spring-boot-starter-logging-2.6.11.jar;D:\Program Files (x86)\Maven\apache-maven-3.8.3\maven_repository\ch\qos\logback\logback-classic\1.2.11\logback-classic-1.2.11.jar;D:\Program Files (x86)\Maven\apache-maven-3.8.3\maven_repository\ch\qos\logback\logback-core\1.2.11\logback-core-1.2.11.jar;D:\Program Files (x86)\Maven\apache-maven-3.8.3\maven_repository\org\apache\logging\log4j\log4j-to-slf4j\2.17.2\log4j-to-slf4j-2.17.2.jar;D:\Program Files (x86)\Maven\apache-maven-3.8.3\maven_repository\org\apache\logging\log4j\log4j-api\2.17.2\log4j-api-2.17.2.jar;D:\Program Files (x86)\Maven\apache-maven-3.8.3\maven_repository\org\slf4j\jul-to-slf4j\1.7.36\jul-to-slf4j-1.7.36.jar;D:\Program Files (x86)\Maven\apache-maven-3.8.3\maven_repository\jakarta\annotation\jakarta.annotation-api\1.3.5\jakarta.annotation-api-1.3.5.jar;D:\Program Files (x86)\Maven\apache-maven-3.8.3\maven_repository\org\yaml\snakeyaml\1.29\snakeyaml-1.29.jar;D:\Program Files (x86)\Maven\apache-maven-3.8.3\maven_repository\org\springframework\boot\spring-boot-starter-json\2.6.11\spring-boot-starter-json-2.6.11.jar;D:\Program Files (x86)\Maven\apache-maven-3
Launcher Type: SUN_STANDARD

[Global flags]
     intx CICompilerCount                          = 4                                         {product} {ergonomic}
     uint ConcGCThreads                            = 3                                         {product} {ergonomic}
     uint G1ConcRefinementThreads                  = 10                                        {product} {ergonomic}
   size_t G1HeapRegionSize                         = 2097152                                   {product} {ergonomic}
    uintx GCDrainStackTargetSize                   = 64                                        {product} {ergonomic}
   size_t InitialHeapSize                          = 266338304                                 {product} {ergonomic}
     bool ManagementServer                         = true                                      {product} {command line}
   size_t MarkStackSize                            = 4194304                                   {product} {ergonomic}
   size_t MaxHeapSize                              = 4257218560                                {product} {ergonomic}
   size_t MaxNewSize                               = 2554331136                                {product} {ergonomic}
   size_t MinHeapDeltaBytes                        = 2097152                                   {product} {ergonomic}
   size_t MinHeapSize                              = 8388608                                   {product} {ergonomic}
    uintx NonNMethodCodeHeapSize                   = 7549744                                {pd product} {ergonomic}
    uintx NonProfiledCodeHeapSize                  = 244108496                              {pd product} {ergonomic}
    uintx ProfiledCodeHeapSize                     = 0                                      {pd product} {ergonomic}
    uintx ReservedCodeCacheSize                    = 251658240                              {pd product} {ergonomic}
     bool SegmentedCodeCache                       = true                                      {product} {ergonomic}
   size_t SoftMaxHeapSize                          = 4257218560                             {manageable} {ergonomic}
     intx TieredStopAtLevel                        = 1                                         {product} {command line}
     bool UseCompressedClassPointers               = true                           {product lp64_product} {ergonomic}
     bool UseCompressedOops                        = true                           {product lp64_product} {ergonomic}
     bool UseG1GC                                  = true                                      {product} {ergonomic}
     bool UseLargePagesIndividualAllocation        = false                                  {pd product} {ergonomic}

Logging:
Log output configuration:
 #0: stdout all=warning uptime,level,tags
 #1: stderr all=off uptime,level,tags

Environment Variables:
JAVA_HOME=C:\Users\Administrator\.jdks\openjdk-16
CLASSPATH=D:\Program Files (x86)\Tomcat\Tomcat\lib\servlet-api.jar
PATH=C:\Program Files\Python38\Scripts\;C:\Program Files\Python38\;C:\WINDOWS\system32;C:\WINDOWS;C:\WINDOWS\System32\Wbem;C:\WINDOWS\System32\WindowsPowerShell\v1.0\;C:\WINDOWS\System32\OpenSSH\;D:\Program Files (x86)\SQL server\Client SDK\ODBC\170\Tools\Binn\;D:\SQL\150\Tools\Binn\;D:\Program Files (x86)\SQL server\150\Tools\Binn\;D:\Program Files (x86)\SQL server\150\DTS\Binn\;D:\SQL\150\DTS\Binn\;C:\Users\Administrator\.jdks\openjdk-16\bin;D:\Program Files (x86)\Tomcat\Tomcat\bin;D:\Program Files (x86)\MySQL\bin;D:\Program Files (x86)\Maven\apache-maven-3.8.3\bin;C:\Program Files (x86)\dotnet\;D:\Program Files (x86)\Jmeter\apache-jmeter-5.4.1-\apache-jmeter-5.4.1\bin;C:\Users\Administrator\AppData\Local\Microsoft\WindowsApps;;D:\Program Files (x86)\Pycharm-Community\pycharm-community-2021.3.2\PyCharm Community Edition 2021.3.2\bin;
USERNAME=Administrator
OS=Windows_NT
PROCESSOR_IDENTIFIER=Intel64 Family 6 Model 158 Stepping 10, GenuineIntel



---------------  S Y S T E M  ---------------

OS:
 Windows 10 , 64 bit Build 19041 (10.0.19041.2546)
OS uptime: 3 days 3:09 hours

CPU: total 12 (initial active 12) (6 cores per cpu, 2 threads per core) family 6 model 158 stepping 10 microcode 0xca, cx8, cmov, fxsr, ht, mmx, 3dnowpref, sse, sse2, sse3, ssse3, sse4.1, sse4.2, popcnt, lzcnt, tsc, tscinvbit, avx, avx2, aes, erms, clmul, bmi1, bmi2, adx, fma, vzeroupper, clflush, clflushopt

Memory: 4k page, system-wide physical 16234M (4063M free)
TotalPageFile size 22378M (AvailPageFile size 2M)
current process WorkingSet (physical memory assigned to process): 27M, peak: 27M
current process commit charge ("private bytes"): 341M, peak: 341M

vm_info: OpenJDK 64-Bit Server VM (16+36-2231) for windows-amd64 JRE (16+36-2231), built on Feb  8 2021 11:39:36 by "mach5one" with MS VC++ 16.7 (VS2019)

END.
